<?xml version="1.0" ?>
<!DOCTYPE coverage SYSTEM "http://cobertura.sourceforge.net/xml/coverage-04.dtd">
<coverage lines-valid="5810" lines-covered="4303" line-rate="0.7406" branches-valid="1447" branches-covered="684" branch-rate="0.4727" timestamp="1787051803668" complexity="0" version="0.1">
  <sources>
    <source>/app</source>
  </sources>
  <packages>
    <package name="prisma" line-rate="0" branch-rate="0">
      <classes>
        <class name="seed-qa.ts" filename="prisma/seed-qa.ts" line-rate="0" branch-rate="0">
          <methods>
            <method name="ensureOrganization" hits="0" signature="()V">
              <lines>
                <line number="56" hits="0"/>
              </lines>
            </method>
            <method name="ensureUser" hits="0" signature="()V">
              <lines>
                <line number="73" hits="0"/>
              </lines>
            </method>
            <method name="ensureApplication" hits="0" signature="()V">
              <lines>
                <line number="86" hits="0"/>
              </lines>
            </method>
            <method name="ensureActor" hits="0" signature="()V">
              <lines>
                <line number="114" hits="0"/>
              </lines>
            </method>
            <method name="seedQa" hits="0" signature="()V">
              <lines>
                <line number="143" hits="0"/>
              </lines>
            </method>
            <method name="(anonymous_5)" hits="0" signature="()V">
              <lines>
                <line number="257" hits="0"/>
              </lines>
            </method>
            <method name="(anonymous_6)" hits="0" signature="()V">
              <lines>
                <line number="273" hits="0"/>
              </lines>
            </method>
          </methods>
          <lines>
            <line number="1" hits="0" branch="false"/>
            <line number="12" hits="0" branch="false"/>
            <line number="15" hits="0" branch="false"/>
            <line number="34" hits="0" branch="false"/>
            <line number="37" hits="0" branch="false"/>
            <line number="61" hits="0" branch="false"/>
            <line number="79" hits="0" branch="false"/>
            <line number="90" hits="0" branch="false"/>
            <line number="93" hits="0" branch="true" condition-coverage="0% (0/1)"/>
            <line number="94" hits="0" branch="false"/>
            <line number="105" hits="0" branch="false"/>
            <line number="108" hits="0" branch="false"/>
            <line number="121" hits="0" branch="false"/>
            <line number="144" hits="0" branch="false"/>
            <line number="145" hits="0" branch="false"/>
            <line number="146" hits="0" branch="false"/>
            <line number="147" hits="0" branch="false"/>
            <line number="149" hits="0" branch="false"/>
            <line number="150" hits="0" branch="false"/>
            <line number="156" hits="0" branch="false"/>
            <line number="162" hits="0" branch="false"/>
            <line number="164" hits="0" branch="false"/>
            <line number="171" hits="0" branch="false"/>
            <line number="173" hits="0" branch="false"/>
            <line number="174" hits="0" branch="false"/>
            <line number="184" hits="0" branch="false"/>
            <line number="207" hits="0" branch="false"/>
            <line number="211" hits="0" branch="false"/>
            <line number="212" hits="0" branch="false"/>
            <line number="221" hits="0" branch="false"/>
            <line number="222" hits="0" branch="false"/>
            <line number="231" hits="0" branch="false"/>
            <line number="235" hits="0" branch="false"/>
            <line number="244" hits="0" branch="false"/>
            <line number="245" hits="0" branch="false"/>
            <line number="253" hits="0" branch="false"/>
            <line number="256" hits="0" branch="false"/>
            <line number="261" hits="0" branch="false"/>
            <line number="262" hits="0" branch="false"/>
            <line number="266" hits="0" branch="false"/>
            <line number="271" hits="0" branch="false"/>
            <line number="274" hits="0" branch="false"/>
            <line number="275" hits="0" branch="false"/>
            <line number="276" hits="0" branch="false"/>
          </lines>
        </class>
        <class name="seed.ts" filename="prisma/seed.ts" line-rate="0" branch-rate="0">
          <methods>
            <method name="repeat" hits="0" signature="()V">
              <lines>
                <line number="43" hits="0"/>
              </lines>
            </method>
            <method name="getRequiredActorTypes" hits="0" signature="()V">
              <lines>
                <line number="49" hits="0"/>
              </lines>
            </method>
            <method name="createApplications" hits="0" signature="()V">
              <lines>
                <line number="66" hits="0"/>
              </lines>
            </method>
            <method name="createDataDescriptions" hits="0" signature="()V">
              <lines>
                <line number="79" hits="0"/>
              </lines>
            </method>
            <method name="(anonymous_4)" hits="0" signature="()V">
              <lines>
                <line number="93" hits="0"/>
              </lines>
            </method>
            <method name="(anonymous_5)" hits="0" signature="()V">
              <lines>
                <line number="101" hits="0"/>
              </lines>
            </method>
            <method name="(anonymous_6)" hits="0" signature="()V">
              <lines>
                <line number="102" hits="0"/>
              </lines>
            </method>
            <method name="createMditCampaigns" hits="0" signature="()V">
              <lines>
                <line number="109" hits="0"/>
              </lines>
            </method>
            <method name="linkHostingsToApplications" hits="0" signature="()V">
              <lines>
                <line number="119" hits="0"/>
              </lines>
            </method>
            <method name="createDataApplications" hits="0" signature="()V">
              <lines>
                <line number="134" hits="0"/>
              </lines>
            </method>
            <method name="(anonymous_10)" hits="0" signature="()V">
              <lines>
                <line number="148" hits="0"/>
              </lines>
            </method>
            <method name="addTechnicalDebtInfo" hits="0" signature="()V">
              <lines>
                <line number="156" hits="0"/>
              </lines>
            </method>
            <method name="linkOrganizationsToBusinessDivisions" hits="0" signature="()V">
              <lines>
                <line number="172" hits="0"/>
              </lines>
            </method>
            <method name="linkBusinessDivisionsToApplications" hits="0" signature="()V">
              <lines>
                <line number="186" hits="0"/>
              </lines>
            </method>
            <method name="(anonymous_14)" hits="0" signature="()V">
              <lines>
                <line number="198" hits="0"/>
              </lines>
            </method>
            <method name="createQualityStats" hits="0" signature="()V">
              <lines>
                <line number="204" hits="0"/>
              </lines>
            </method>
            <method name="seed" hits="0" signature="()V">
              <lines>
                <line number="223" hits="0"/>
              </lines>
            </method>
            <method name="(anonymous_17)" hits="0" signature="()V">
              <lines>
                <line number="243" hits="0"/>
              </lines>
            </method>
            <method name="(anonymous_18)" hits="0" signature="()V">
              <lines>
                <line number="249" hits="0"/>
              </lines>
            </method>
            <method name="(anonymous_19)" hits="0" signature="()V">
              <lines>
                <line number="257" hits="0"/>
              </lines>
            </method>
            <method name="(anonymous_20)" hits="0" signature="()V">
              <lines>
                <line number="261" hits="0"/>
              </lines>
            </method>
            <method name="(anonymous_21)" hits="0" signature="()V">
              <lines>
                <line number="266" hits="0"/>
              </lines>
            </method>
            <method name="(anonymous_22)" hits="0" signature="()V">
              <lines>
                <line number="314" hits="0"/>
              </lines>
            </method>
            <method name="main" hits="0" signature="()V">
              <lines>
                <line number="353" hits="0"/>
              </lines>
            </method>
            <method name="(anonymous_24)" hits="0" signature="()V">
              <lines>
                <line number="379" hits="0"/>
              </lines>
            </method>
            <method name="(anonymous_25)" hits="0" signature="()V">
              <lines>
                <line number="395" hits="0"/>
              </lines>
            </method>
          </methods>
          <lines>
            <line number="1" hits="0" branch="false"/>
            <line number="2" hits="0" branch="false"/>
            <line number="3" hits="0" branch="false"/>
            <line number="4" hits="0" branch="false"/>
            <line number="5" hits="0" branch="false"/>
            <line number="6" hits="0" branch="false"/>
            <line number="7" hits="0" branch="false"/>
            <line number="8" hits="0" branch="false"/>
            <line number="9" hits="0" branch="false"/>
            <line number="10" hits="0" branch="false"/>
            <line number="11" hits="0" branch="false"/>
            <line number="12" hits="0" branch="false"/>
            <line number="13" hits="0" branch="false"/>
            <line number="14" hits="0" branch="false"/>
            <line number="15" hits="0" branch="false"/>
            <line number="16" hits="0" branch="false"/>
            <line number="17" hits="0" branch="false"/>
            <line number="18" hits="0" branch="false"/>
            <line number="19" hits="0" branch="false"/>
            <line number="21" hits="0" branch="false"/>
            <line number="23" hits="0" branch="false"/>
            <line number="44" hits="0" branch="false"/>
            <line number="45" hits="0" branch="false"/>
            <line number="50" hits="0" branch="false"/>
            <line number="53" hits="0" branch="false"/>
            <line number="57" hits="0" branch="true" condition-coverage="0% (0/3)"/>
            <line number="58" hits="0" branch="false"/>
            <line number="63" hits="0" branch="false"/>
            <line number="71" hits="0" branch="false"/>
            <line number="72" hits="0" branch="false"/>
            <line number="73" hits="0" branch="true" condition-coverage="0% (0/2)"/>
            <line number="74" hits="0" branch="false"/>
            <line number="76" hits="0" branch="false"/>
            <line number="82" hits="0" branch="false"/>
            <line number="83" hits="0" branch="false"/>
            <line number="84" hits="0" branch="false"/>
            <line number="86" hits="0" branch="false"/>
            <line number="92" hits="0" branch="false"/>
            <line number="94" hits="0" branch="false"/>
            <line number="100" hits="0" branch="false"/>
            <line number="101" hits="0" branch="false"/>
            <line number="102" hits="0" branch="true" condition-coverage="0% (0/2)"/>
            <line number="104" hits="0" branch="false"/>
            <line number="106" hits="0" branch="false"/>
            <line number="110" hits="0" branch="false"/>
            <line number="111" hits="0" branch="false"/>
            <line number="124" hits="0" branch="false"/>
            <line number="125" hits="0" branch="false"/>
            <line number="126" hits="0" branch="false"/>
            <line number="139" hits="0" branch="false"/>
            <line number="140" hits="0" branch="false"/>
            <line number="141" hits="0" branch="false"/>
            <line number="142" hits="0" branch="false"/>
            <line number="144" hits="0" branch="false"/>
            <line number="145" hits="0" branch="false"/>
            <line number="148" hits="0" branch="false"/>
            <line number="161" hits="0" branch="false"/>
            <line number="162" hits="0" branch="false"/>
            <line number="163" hits="0" branch="false"/>
            <line number="175" hits="0" branch="false"/>
            <line number="176" hits="0" branch="false"/>
            <line number="177" hits="0" branch="true" condition-coverage="0% (0/1)"/>
            <line number="178" hits="0" branch="false"/>
            <line number="179" hits="0" branch="false"/>
            <line number="190" hits="0" branch="false"/>
            <line number="191" hits="0" branch="true" condition-coverage="0% (0/1)"/>
            <line number="193" hits="0" branch="false"/>
            <line number="194" hits="0" branch="false"/>
            <line number="195" hits="0" branch="false"/>
            <line number="198" hits="0" branch="false"/>
            <line number="205" hits="0" branch="false"/>
            <line number="206" hits="0" branch="false"/>
            <line number="207" hits="0" branch="false"/>
            <line number="208" hits="0" branch="false"/>
            <line number="219" hits="0" branch="false"/>
            <line number="233" hits="0" branch="false"/>
            <line number="234" hits="0" branch="false"/>
            <line number="238" hits="0" branch="false"/>
            <line number="243" hits="0" branch="false"/>
            <line number="244" hits="0" branch="false"/>
            <line number="248" hits="0" branch="false"/>
            <line number="249" hits="0" branch="false"/>
            <line number="252" hits="0" branch="false"/>
            <line number="253" hits="0" branch="false"/>
            <line number="256" hits="0" branch="false"/>
            <line number="257" hits="0" branch="false"/>
            <line number="260" hits="0" branch="false"/>
            <line number="261" hits="0" branch="false"/>
            <line number="264" hits="0" branch="false"/>
            <line number="265" hits="0" branch="false"/>
            <line number="266" hits="0" branch="false"/>
            <line number="267" hits="0" branch="false"/>
            <line number="271" hits="0" branch="false"/>
            <line number="272" hits="0" branch="false"/>
            <line number="277" hits="0" branch="false"/>
            <line number="278" hits="0" branch="false"/>
            <line number="281" hits="0" branch="false"/>
            <line number="282" hits="0" branch="false"/>
            <line number="284" hits="0" branch="false"/>
            <line number="285" hits="0" branch="false"/>
            <line number="287" hits="0" branch="false"/>
            <line number="288" hits="0" branch="false"/>
            <line number="295" hits="0" branch="false"/>
            <line number="296" hits="0" branch="false"/>
            <line number="301" hits="0" branch="false"/>
            <line number="302" hits="0" branch="false"/>
            <line number="303" hits="0" branch="false"/>
            <line number="304" hits="0" branch="false"/>
            <line number="308" hits="0" branch="false"/>
            <line number="309" hits="0" branch="false"/>
            <line number="312" hits="0" branch="false"/>
            <line number="313" hits="0" branch="false"/>
            <line number="314" hits="0" branch="false"/>
            <line number="315" hits="0" branch="false"/>
            <line number="319" hits="0" branch="false"/>
            <line number="320" hits="0" branch="false"/>
            <line number="323" hits="0" branch="false"/>
            <line number="324" hits="0" branch="false"/>
            <line number="327" hits="0" branch="false"/>
            <line number="328" hits="0" branch="false"/>
            <line number="329" hits="0" branch="false"/>
            <line number="335" hits="0" branch="false"/>
            <line number="336" hits="0" branch="false"/>
            <line number="341" hits="0" branch="false"/>
            <line number="347" hits="0" branch="false"/>
            <line number="348" hits="0" branch="false"/>
            <line number="350" hits="0" branch="false"/>
            <line number="356" hits="0" branch="false"/>
            <line number="357" hits="0" branch="false"/>
            <line number="360" hits="0" branch="true" condition-coverage="0% (0/3)"/>
            <line number="362" hits="0" branch="false"/>
            <line number="364" hits="0" branch="false"/>
            <line number="374" hits="0" branch="false"/>
            <line number="378" hits="0" branch="false"/>
            <line number="383" hits="0" branch="false"/>
            <line number="384" hits="0" branch="false"/>
            <line number="388" hits="0" branch="false"/>
            <line number="393" hits="0" branch="false"/>
            <line number="396" hits="0" branch="false"/>
            <line number="397" hits="0" branch="false"/>
            <line number="398" hits="0" branch="false"/>
          </lines>
        </class>
      </classes>
    </package>
    <package name="src" line-rate="0.7464" branch-rate="0.5909">
      <classes>
        <class name="app.controller.ts" filename="src/app.controller.ts" line-rate="1" branch-rate="1">
          <methods>
            <method name="(anonymous_2)" hits="41" signature="()V">
              <lines>
                <line number="7" hits="41"/>
              </lines>
            </method>
            <method name="(anonymous_3)" hits="2" signature="()V">
              <lines>
                <line number="18" hits="2"/>
              </lines>
            </method>
          </methods>
          <lines>
            <line number="1" hits="29" branch="false"/>
            <line number="2" hits="29" branch="false"/>
            <line number="3" hits="29" branch="false"/>
            <line number="6" hits="29" branch="false"/>
            <line number="7" hits="41" branch="false"/>
            <line number="18" hits="29" branch="false"/>
            <line number="19" hits="2" branch="false"/>
          </lines>
        </class>
        <class name="app.module.ts" filename="src/app.module.ts" line-rate="1" branch-rate="1">
          <methods>
            <method name="(anonymous_1)" hits="40" signature="()V">
              <lines>
                <line number="100" hits="40"/>
              </lines>
            </method>
          </methods>
          <lines>
            <line number="1" hits="28" branch="false"/>
            <line number="2" hits="28" branch="false"/>
            <line number="3" hits="28" branch="false"/>
            <line number="4" hits="28" branch="false"/>
            <line number="5" hits="28" branch="false"/>
            <line number="6" hits="28" branch="false"/>
            <line number="7" hits="28" branch="false"/>
            <line number="8" hits="28" branch="false"/>
            <line number="9" hits="28" branch="false"/>
            <line number="10" hits="28" branch="false"/>
            <line number="11" hits="28" branch="false"/>
            <line number="12" hits="28" branch="false"/>
            <line number="13" hits="28" branch="false"/>
            <line number="14" hits="28" branch="false"/>
            <line number="15" hits="28" branch="false"/>
            <line number="16" hits="28" branch="false"/>
            <line number="17" hits="28" branch="false"/>
            <line number="18" hits="28" branch="false"/>
            <line number="19" hits="28" branch="false"/>
            <line number="20" hits="28" branch="false"/>
            <line number="21" hits="28" branch="false"/>
            <line number="22" hits="28" branch="false"/>
            <line number="23" hits="28" branch="false"/>
            <line number="24" hits="28" branch="false"/>
            <line number="25" hits="28" branch="false"/>
            <line number="26" hits="28" branch="false"/>
            <line number="27" hits="28" branch="false"/>
            <line number="28" hits="28" branch="false"/>
            <line number="29" hits="28" branch="false"/>
            <line number="30" hits="28" branch="false"/>
            <line number="31" hits="28" branch="false"/>
            <line number="32" hits="28" branch="false"/>
            <line number="33" hits="28" branch="false"/>
            <line number="34" hits="28" branch="false"/>
            <line number="35" hits="28" branch="false"/>
            <line number="36" hits="28" branch="false"/>
            <line number="37" hits="28" branch="false"/>
            <line number="38" hits="28" branch="false"/>
            <line number="39" hits="28" branch="false"/>
            <line number="40" hits="28" branch="false"/>
            <line number="41" hits="28" branch="false"/>
            <line number="42" hits="28" branch="false"/>
            <line number="43" hits="28" branch="false"/>
            <line number="99" hits="28" branch="false"/>
            <line number="104" hits="40" branch="false"/>
            <line number="111" hits="40" branch="false"/>
            <line number="116" hits="40" branch="false"/>
            <line number="123" hits="40" branch="false"/>
            <line number="130" hits="40" branch="false"/>
          </lines>
        </class>
        <class name="app.service.ts" filename="src/app.service.ts" line-rate="1" branch-rate="1">
          <methods>
            <method name="(anonymous_1)" hits="2" signature="()V">
              <lines>
                <line number="5" hits="2"/>
              </lines>
            </method>
          </methods>
          <lines>
            <line number="1" hits="29" branch="false"/>
            <line number="4" hits="29" branch="false"/>
            <line number="6" hits="2" branch="false"/>
          </lines>
        </class>
        <class name="ecoindex.d.ts" filename="src/ecoindex.d.ts" line-rate="1" branch-rate="1">
          <methods>
          </methods>
          <lines>
          </lines>
        </class>
        <class name="enum.ts" filename="src/enum.ts" line-rate="1" branch-rate="1">
          <methods>
            <method name="(anonymous_0)" hits="31" signature="()V">
              <lines>
                <line number="2" hits="31"/>
              </lines>
            </method>
            <method name="(anonymous_1)" hits="31" signature="()V">
              <lines>
                <line number="7" hits="31"/>
              </lines>
            </method>
            <method name="(anonymous_2)" hits="31" signature="()V">
              <lines>
                <line number="13" hits="31"/>
              </lines>
            </method>
            <method name="(anonymous_3)" hits="31" signature="()V">
              <lines>
                <line number="21" hits="31"/>
              </lines>
            </method>
            <method name="(anonymous_4)" hits="31" signature="()V">
              <lines>
                <line number="27" hits="31"/>
              </lines>
            </method>
            <method name="(anonymous_5)" hits="31" signature="()V">
              <lines>
                <line number="35" hits="31"/>
              </lines>
            </method>
          </methods>
          <lines>
            <line number="2" hits="31" branch="true" condition-coverage="100% (2/2)"/>
            <line number="3" hits="31" branch="false"/>
            <line number="4" hits="31" branch="false"/>
            <line number="7" hits="31" branch="true" condition-coverage="100% (2/2)"/>
            <line number="8" hits="31" branch="false"/>
            <line number="9" hits="31" branch="false"/>
            <line number="10" hits="31" branch="false"/>
            <line number="13" hits="31" branch="true" condition-coverage="100% (2/2)"/>
            <line number="14" hits="31" branch="false"/>
            <line number="15" hits="31" branch="false"/>
            <line number="16" hits="31" branch="false"/>
            <line number="17" hits="31" branch="false"/>
            <line number="18" hits="31" branch="false"/>
            <line number="21" hits="31" branch="true" condition-coverage="100% (2/2)"/>
            <line number="22" hits="31" branch="false"/>
            <line number="23" hits="31" branch="false"/>
            <line number="24" hits="31" branch="false"/>
            <line number="27" hits="31" branch="true" condition-coverage="100% (2/2)"/>
            <line number="28" hits="31" branch="false"/>
            <line number="29" hits="31" branch="false"/>
            <line number="30" hits="31" branch="false"/>
            <line number="31" hits="31" branch="false"/>
            <line number="32" hits="31" branch="false"/>
            <line number="35" hits="31" branch="true" condition-coverage="100% (2/2)"/>
            <line number="36" hits="31" branch="false"/>
            <line number="37" hits="31" branch="false"/>
            <line number="38" hits="31" branch="false"/>
            <line number="39" hits="31" branch="false"/>
            <line number="40" hits="31" branch="false"/>
          </lines>
        </class>
        <class name="main.ts" filename="src/main.ts" line-rate="0" branch-rate="0">
          <methods>
            <method name="bootstrap" hits="0" signature="()V">
              <lines>
                <line number="12" hits="0"/>
              </lines>
            </method>
            <method name="(anonymous_2)" hits="0" signature="()V">
              <lines>
                <line number="24" hits="0"/>
              </lines>
            </method>
          </methods>
          <lines>
            <line number="3" hits="0" branch="false"/>
            <line number="4" hits="0" branch="false"/>
            <line number="5" hits="0" branch="false"/>
            <line number="6" hits="0" branch="false"/>
            <line number="7" hits="0" branch="false"/>
            <line number="8" hits="0" branch="false"/>
            <line number="9" hits="0" branch="false"/>
            <line number="10" hits="0" branch="false"/>
            <line number="13" hits="0" branch="false"/>
            <line number="14" hits="0" branch="false"/>
            <line number="15" hits="0" branch="false"/>
            <line number="16" hits="0" branch="false"/>
            <line number="17" hits="0" branch="false"/>
            <line number="19" hits="0" branch="false"/>
            <line number="20" hits="0" branch="false"/>
            <line number="22" hits="0" branch="false"/>
            <line number="24" hits="0" branch="false"/>
            <line number="26" hits="0" branch="true" condition-coverage="0% (0/1)"/>
            <line number="30" hits="0" branch="false"/>
            <line number="33" hits="0" branch="false"/>
            <line number="36" hits="0" branch="false"/>
            <line number="38" hits="0" branch="false"/>
            <line number="39" hits="0" branch="true" condition-coverage="0% (0/2)"/>
            <line number="41" hits="0" branch="false"/>
            <line number="47" hits="0" branch="false"/>
            <line number="50" hits="0" branch="false"/>
            <line number="52" hits="0" branch="false"/>
            <line number="53" hits="0" branch="false"/>
            <line number="57" hits="0" branch="false"/>
          </lines>
        </class>
        <class name="swagger-config.ts" filename="src/swagger-config.ts" line-rate="0.72" branch-rate="0.2">
          <methods>
            <method name="getRealmUrl" hits="40" signature="()V">
              <lines>
                <line number="14" hits="40"/>
              </lines>
            </method>
            <method name="getSwaggerPublicUrl" hits="40" signature="()V">
              <lines>
                <line number="21" hits="40"/>
              </lines>
            </method>
            <method name="setupSwagger" hits="40" signature="()V">
              <lines>
                <line number="34" hits="40"/>
              </lines>
            </method>
            <method name="(anonymous_3)" hits="0" signature="()V">
              <lines>
                <line number="100" hits="0"/>
              </lines>
            </method>
            <method name="(anonymous_4)" hits="0" signature="()V">
              <lines>
                <line number="105" hits="0"/>
              </lines>
            </method>
            <method name="(anonymous_5)" hits="0" signature="()V">
              <lines>
                <line number="108" hits="0"/>
              </lines>
            </method>
          </methods>
          <lines>
            <line number="5" hits="28" branch="false"/>
            <line number="6" hits="28" branch="false"/>
            <line number="7" hits="28" branch="false"/>
            <line number="8" hits="28" branch="false"/>
            <line number="9" hits="28" branch="false"/>
            <line number="11" hits="28" branch="false"/>
            <line number="12" hits="28" branch="false"/>
            <line number="15" hits="40" branch="false"/>
            <line number="24" hits="40" branch="true" condition-coverage="0% (0/1)"/>
            <line number="25" hits="0" branch="false"/>
            <line number="28" hits="40" branch="true" condition-coverage="50% (1/2)"/>
            <line number="30" hits="40" branch="false"/>
            <line number="34" hits="28" branch="false"/>
            <line number="42" hits="40" branch="false"/>
            <line number="43" hits="40" branch="false"/>
            <line number="45" hits="40" branch="false"/>
            <line number="80" hits="40" branch="false"/>
            <line number="82" hits="40" branch="false"/>
            <line number="97" hits="40" branch="true" condition-coverage="0% (0/1)"/>
            <line number="98" hits="0" branch="false"/>
            <line number="100" hits="0" branch="false"/>
            <line number="101" hits="0" branch="false"/>
            <line number="106" hits="0" branch="false"/>
            <line number="109" hits="0" branch="true" condition-coverage="0% (0/1)"/>
            <line number="111" hits="0" branch="false"/>
          </lines>
        </class>
      </classes>
    </package>
    <package name="src.actor" line-rate="0.5429999999999999" branch-rate="0.3333">
      <classes>
        <class name="actor.controller.ts" filename="src/actor/actor.controller.ts" line-rate="0.7234" branch-rate="1">
          <methods>
            <method name="(anonymous_4)" hits="40" signature="()V">
              <lines>
                <line number="45" hits="40"/>
              </lines>
            </method>
            <method name="(anonymous_5)" hits="0" signature="()V">
              <lines>
                <line number="58" hits="0"/>
              </lines>
            </method>
            <method name="(anonymous_6)" hits="0" signature="()V">
              <lines>
                <line number="73" hits="0"/>
              </lines>
            </method>
            <method name="(anonymous_7)" hits="0" signature="()V">
              <lines>
                <line number="90" hits="0"/>
              </lines>
            </method>
            <method name="(anonymous_8)" hits="0" signature="()V">
              <lines>
                <line number="119" hits="0"/>
              </lines>
            </method>
            <method name="(anonymous_9)" hits="0" signature="()V">
              <lines>
                <line number="146" hits="0"/>
              </lines>
            </method>
            <method name="(anonymous_10)" hits="0" signature="()V">
              <lines>
                <line number="158" hits="0"/>
              </lines>
            </method>
            <method name="(anonymous_11)" hits="0" signature="()V">
              <lines>
                <line number="177" hits="0"/>
              </lines>
            </method>
            <method name="(anonymous_12)" hits="0" signature="()V">
              <lines>
                <line number="197" hits="0"/>
              </lines>
            </method>
            <method name="(anonymous_13)" hits="40" signature="()V">
              <lines>
                <line number="211" hits="40"/>
              </lines>
            </method>
            <method name="(anonymous_14)" hits="2" signature="()V">
              <lines>
                <line number="234" hits="2"/>
              </lines>
            </method>
            <method name="(anonymous_15)" hits="1" signature="()V">
              <lines>
                <line number="258" hits="1"/>
              </lines>
            </method>
            <method name="(anonymous_16)" hits="2" signature="()V">
              <lines>
                <line number="269" hits="2"/>
              </lines>
            </method>
            <method name="(anonymous_17)" hits="1" signature="()V">
              <lines>
                <line number="287" hits="1"/>
              </lines>
            </method>
            <method name="(anonymous_18)" hits="1" signature="()V">
              <lines>
                <line number="313" hits="1"/>
              </lines>
            </method>
          </methods>
          <lines>
            <line number="1" hits="28" branch="false"/>
            <line number="14" hits="28" branch="false"/>
            <line number="23" hits="28" branch="false"/>
            <line number="24" hits="28" branch="false"/>
            <line number="25" hits="28" branch="false"/>
            <line number="26" hits="28" branch="false"/>
            <line number="27" hits="28" branch="false"/>
            <line number="38" hits="28" branch="false"/>
            <line number="39" hits="28" branch="false"/>
            <line number="44" hits="28" branch="false"/>
            <line number="45" hits="40" branch="false"/>
            <line number="58" hits="28" branch="false"/>
            <line number="59" hits="0" branch="false"/>
            <line number="73" hits="28" branch="false"/>
            <line number="74" hits="0" branch="false"/>
            <line number="90" hits="28" branch="false"/>
            <line number="94" hits="0" branch="false"/>
            <line number="100" hits="0" branch="false"/>
            <line number="119" hits="28" branch="false"/>
            <line number="123" hits="0" branch="false"/>
            <line number="124" hits="0" branch="false"/>
            <line number="130" hits="0" branch="false"/>
            <line number="146" hits="28" branch="false"/>
            <line number="147" hits="0" branch="false"/>
            <line number="158" hits="28" branch="false"/>
            <line number="163" hits="0" branch="false"/>
            <line number="168" hits="0" branch="false"/>
            <line number="177" hits="28" branch="false"/>
            <line number="178" hits="0" branch="false"/>
            <line number="183" hits="0" branch="false"/>
            <line number="197" hits="28" branch="false"/>
            <line number="198" hits="0" branch="false"/>
            <line number="210" hits="28" branch="false"/>
            <line number="211" hits="40" branch="false"/>
            <line number="234" hits="28" branch="false"/>
            <line number="239" hits="2" branch="false"/>
            <line number="244" hits="2" branch="false"/>
            <line number="258" hits="28" branch="false"/>
            <line number="259" hits="1" branch="false"/>
            <line number="269" hits="28" branch="false"/>
            <line number="273" hits="2" branch="false"/>
            <line number="287" hits="28" branch="false"/>
            <line number="293" hits="1" branch="false"/>
            <line number="299" hits="1" branch="false"/>
            <line number="313" hits="28" branch="false"/>
            <line number="318" hits="1" branch="false"/>
            <line number="324" hits="1" branch="false"/>
          </lines>
        </class>
        <class name="actor.module.ts" filename="src/actor/actor.module.ts" line-rate="1" branch-rate="1">
          <methods>
          </methods>
          <lines>
            <line number="1" hits="28" branch="false"/>
            <line number="2" hits="28" branch="false"/>
            <line number="3" hits="28" branch="false"/>
            <line number="4" hits="28" branch="false"/>
            <line number="5" hits="28" branch="false"/>
            <line number="6" hits="28" branch="false"/>
            <line number="7" hits="28" branch="false"/>
            <line number="8" hits="28" branch="false"/>
            <line number="12" hits="28" branch="false"/>
            <line number="27" hits="28" branch="false"/>
          </lines>
        </class>
        <class name="actor.service.ts" filename="src/actor/actor.service.ts" line-rate="0.44179999999999997" branch-rate="0.3333">
          <methods>
            <method name="(anonymous_2)" hits="40" signature="()V">
              <lines>
                <line number="37" hits="40"/>
              </lines>
            </method>
            <method name="(anonymous_3)" hits="2" signature="()V">
              <lines>
                <line number="50" hits="2"/>
              </lines>
            </method>
            <method name="(anonymous_4)" hits="2" signature="()V">
              <lines>
                <line number="70" hits="2"/>
              </lines>
            </method>
            <method name="(anonymous_5)" hits="0" signature="()V">
              <lines>
                <line number="86" hits="0"/>
              </lines>
            </method>
            <method name="(anonymous_6)" hits="1" signature="()V">
              <lines>
                <line number="90" hits="1"/>
              </lines>
            </method>
            <method name="(anonymous_7)" hits="2" signature="()V">
              <lines>
                <line number="94" hits="2"/>
              </lines>
            </method>
            <method name="(anonymous_8)" hits="0" signature="()V">
              <lines>
                <line number="106" hits="0"/>
              </lines>
            </method>
            <method name="(anonymous_9)" hits="0" signature="()V">
              <lines>
                <line number="148" hits="0"/>
              </lines>
            </method>
            <method name="(anonymous_10)" hits="0" signature="()V">
              <lines>
                <line number="158" hits="0"/>
              </lines>
            </method>
            <method name="(anonymous_11)" hits="0" signature="()V">
              <lines>
                <line number="164" hits="0"/>
              </lines>
            </method>
            <method name="(anonymous_12)" hits="0" signature="()V">
              <lines>
                <line number="172" hits="0"/>
              </lines>
            </method>
            <method name="(anonymous_13)" hits="0" signature="()V">
              <lines>
                <line number="173" hits="0"/>
              </lines>
            </method>
            <method name="(anonymous_14)" hits="0" signature="()V">
              <lines>
                <line number="179" hits="0"/>
              </lines>
            </method>
            <method name="(anonymous_15)" hits="0" signature="()V">
              <lines>
                <line number="201" hits="0"/>
              </lines>
            </method>
            <method name="(anonymous_16)" hits="1" signature="()V">
              <lines>
                <line number="229" hits="1"/>
              </lines>
            </method>
            <method name="(anonymous_17)" hits="1" signature="()V">
              <lines>
                <line number="255" hits="1"/>
              </lines>
            </method>
            <method name="(anonymous_18)" hits="1" signature="()V">
              <lines>
                <line number="285" hits="1"/>
              </lines>
            </method>
            <method name="(anonymous_19)" hits="1" signature="()V">
              <lines>
                <line number="328" hits="1"/>
              </lines>
            </method>
            <method name="(anonymous_20)" hits="1" signature="()V">
              <lines>
                <line number="335" hits="1"/>
              </lines>
            </method>
            <method name="(anonymous_21)" hits="0" signature="()V">
              <lines>
                <line number="344" hits="0"/>
              </lines>
            </method>
            <method name="(anonymous_22)" hits="0" signature="()V">
              <lines>
                <line number="352" hits="0"/>
              </lines>
            </method>
            <method name="(anonymous_23)" hits="0" signature="()V">
              <lines>
                <line number="395" hits="0"/>
              </lines>
            </method>
            <method name="(anonymous_24)" hits="3" signature="()V">
              <lines>
                <line number="419" hits="3"/>
              </lines>
            </method>
          </methods>
          <lines>
            <line number="1" hits="31" branch="false"/>
            <line number="7" hits="31" branch="false"/>
            <line number="8" hits="31" branch="false"/>
            <line number="9" hits="31" branch="false"/>
            <line number="10" hits="31" branch="false"/>
            <line number="17" hits="31" branch="false"/>
            <line number="19" hits="31" branch="false"/>
            <line number="20" hits="31" branch="false"/>
            <line number="26" hits="31" branch="false"/>
            <line number="31" hits="40" branch="false"/>
            <line number="38" hits="40" branch="false"/>
            <line number="40" hits="40" branch="false"/>
            <line number="41" hits="40" branch="false"/>
            <line number="42" hits="40" branch="false"/>
            <line number="44" hits="40" branch="false"/>
            <line number="55" hits="2" branch="false"/>
            <line number="57" hits="2" branch="false"/>
            <line number="71" hits="2" branch="true" condition-coverage="50% (1/2)"/>
            <line number="72" hits="2" branch="true" condition-coverage="50% (1/2)"/>
            <line number="81" hits="2" branch="false"/>
            <line number="83" hits="2" branch="false"/>
            <line number="87" hits="0" branch="false"/>
            <line number="91" hits="1" branch="false"/>
            <line number="97" hits="2" branch="false"/>
            <line number="109" hits="0" branch="false"/>
            <line number="111" hits="0" branch="true" condition-coverage="0% (0/1)"/>
            <line number="112" hits="0" branch="false"/>
            <line number="124" hits="0" branch="false"/>
            <line number="125" hits="0" branch="true" condition-coverage="0% (0/1)"/>
            <line number="126" hits="0" branch="true" condition-coverage="0% (0/2)"/>
            <line number="127" hits="0" branch="true" condition-coverage="0% (0/3)"/>
            <line number="129" hits="0" branch="false"/>
            <line number="130" hits="0" branch="false"/>
            <line number="132" hits="0" branch="false"/>
            <line number="133" hits="0" branch="false"/>
            <line number="135" hits="0" branch="false"/>
            <line number="139" hits="0" branch="false"/>
            <line number="153" hits="0" branch="false"/>
            <line number="154" hits="0" branch="false"/>
            <line number="155" hits="0" branch="false"/>
            <line number="159" hits="0" branch="false"/>
            <line number="160" hits="0" branch="false"/>
            <line number="161" hits="0" branch="false"/>
            <line number="165" hits="0" branch="false"/>
            <line number="171" hits="0" branch="false"/>
            <line number="172" hits="0" branch="false"/>
            <line number="173" hits="0" branch="false"/>
            <line number="184" hits="0" branch="false"/>
            <line number="185" hits="0" branch="true" condition-coverage="0% (0/1)"/>
            <line number="186" hits="0" branch="false"/>
            <line number="189" hits="0" branch="false"/>
            <line number="194" hits="0" branch="false"/>
            <line number="195" hits="0" branch="false"/>
            <line number="198" hits="0" branch="false"/>
            <line number="207" hits="0" branch="true" condition-coverage="0% (0/1)"/>
            <line number="208" hits="0" branch="false"/>
            <line number="209" hits="0" branch="false"/>
            <line number="212" hits="0" branch="false"/>
            <line number="213" hits="0" branch="true" condition-coverage="0% (0/1)"/>
            <line number="214" hits="0" branch="false"/>
            <line number="217" hits="0" branch="false"/>
            <line number="222" hits="0" branch="false"/>
            <line number="223" hits="0" branch="false"/>
            <line number="226" hits="0" branch="false"/>
            <line number="235" hits="1" branch="false"/>
            <line number="237" hits="1" branch="false"/>
            <line number="239" hits="1" branch="false"/>
            <line number="256" hits="1" branch="true" condition-coverage="50% (1/2)"/>
            <line number="272" hits="1" branch="true" condition-coverage="50% (1/2)"/>
            <line number="276" hits="1" branch="false"/>
            <line number="282" hits="1" branch="false"/>
            <line number="289" hits="1" branch="false"/>
            <line number="291" hits="1" branch="false"/>
            <line number="298" hits="1" branch="false"/>
            <line number="300" hits="1" branch="false"/>
            <line number="301" hits="3" branch="false"/>
            <line number="302" hits="3" branch="true" condition-coverage="100% (1/1)"/>
            <line number="303" hits="1" branch="false"/>
            <line number="309" hits="1" branch="false"/>
            <line number="314" hits="1" branch="false"/>
            <line number="316" hits="1" branch="false"/>
            <line number="317" hits="1" branch="false"/>
            <line number="318" hits="1" branch="true" condition-coverage="0% (0/1)"/>
            <line number="319" hits="0" branch="false"/>
            <line number="325" hits="1" branch="true" condition-coverage="50% (1/2)"/>
            <line number="329" hits="1" branch="false"/>
            <line number="336" hits="1" branch="true" condition-coverage="50% (1/2)"/>
            <line number="345" hits="0" branch="false"/>
            <line number="346" hits="0" branch="false"/>
            <line number="353" hits="0" branch="false"/>
            <line number="358" hits="0" branch="false"/>
            <line number="359" hits="0" branch="false"/>
            <line number="363" hits="0" branch="false"/>
            <line number="368" hits="0" branch="false"/>
            <line number="370" hits="0" branch="true" condition-coverage="0% (0/1)"/>
            <line number="371" hits="0" branch="false"/>
            <line number="373" hits="0" branch="true" condition-coverage="0% (0/1)"/>
            <line number="374" hits="0" branch="false"/>
            <line number="376" hits="0" branch="true" condition-coverage="0% (0/1)"/>
            <line number="378" hits="0" branch="false"/>
            <line number="379" hits="0" branch="false"/>
            <line number="382" hits="0" branch="false"/>
            <line number="387" hits="0" branch="true" condition-coverage="0% (0/2)"/>
            <line number="388" hits="0" branch="false"/>
            <line number="397" hits="0" branch="false"/>
            <line number="400" hits="0" branch="true" condition-coverage="0% (0/1)"/>
            <line number="401" hits="0" branch="false"/>
            <line number="404" hits="0" branch="false"/>
            <line number="408" hits="0" branch="true" condition-coverage="0% (0/1)"/>
            <line number="409" hits="0" branch="false"/>
            <line number="412" hits="0" branch="false"/>
            <line number="416" hits="0" branch="false"/>
            <line number="424" hits="3" branch="true" condition-coverage="0% (0/1)"/>
            <line number="425" hits="0" branch="false"/>
            <line number="428" hits="3" branch="false"/>
            <line number="433" hits="3" branch="true" condition-coverage="100% (2/2)"/>
            <line number="435" hits="3" branch="true" condition-coverage="0% (0/1)"/>
            <line number="436" hits="0" branch="false"/>
            <line number="439" hits="0" branch="false"/>
            <line number="443" hits="3" branch="true" condition-coverage="50% (1/2)"/>
            <line number="448" hits="3" branch="true" condition-coverage="100% (1/1)"/>
            <line number="449" hits="3" branch="false"/>
            <line number="450" hits="3" branch="false"/>
            <line number="453" hits="3" branch="false"/>
            <line number="455" hits="0" branch="true" condition-coverage="0% (0/2)"/>
            <line number="456" hits="0" branch="false"/>
            <line number="462" hits="3" branch="true" condition-coverage="100% (2/2)"/>
            <line number="463" hits="2" branch="false"/>
            <line number="469" hits="1" branch="false"/>
          </lines>
        </class>
      </classes>
    </package>
    <package name="src.actor.dto" line-rate="1" branch-rate="1">
      <classes>
        <class name="actor.dto.ts" filename="src/actor/dto/actor.dto.ts" line-rate="1" branch-rate="1">
          <methods>
            <method name="(anonymous_2)" hits="9" signature="()V">
              <lines>
                <line number="19" hits="9"/>
              </lines>
            </method>
          </methods>
          <lines>
            <line number="1" hits="31" branch="false"/>
            <line number="2" hits="31" branch="false"/>
            <line number="10" hits="31" branch="false"/>
            <line number="12" hits="31" branch="false"/>
            <line number="19" hits="9" branch="false"/>
            <line number="21" hits="31" branch="false"/>
            <line number="30" hits="31" branch="false"/>
            <line number="39" hits="31" branch="false"/>
            <line number="47" hits="31" branch="false"/>
            <line number="55" hits="31" branch="false"/>
            <line number="63" hits="31" branch="false"/>
            <line number="70" hits="31" branch="false"/>
            <line number="73" hits="31" branch="false"/>
            <line number="75" hits="31" branch="false"/>
            <line number="82" hits="31" branch="false"/>
            <line number="85" hits="31" branch="false"/>
            <line number="93" hits="31" branch="false"/>
            <line number="96" hits="31" branch="false"/>
            <line number="103" hits="31" branch="false"/>
            <line number="106" hits="31" branch="false"/>
            <line number="108" hits="31" branch="false"/>
            <line number="111" hits="31" branch="false"/>
            <line number="114" hits="31" branch="false"/>
            <line number="118" hits="31" branch="false"/>
            <line number="121" hits="31" branch="false"/>
            <line number="128" hits="31" branch="false"/>
            <line number="138" hits="31" branch="false"/>
            <line number="141" hits="31" branch="false"/>
            <line number="148" hits="31" branch="false"/>
            <line number="158" hits="31" branch="false"/>
          </lines>
        </class>
      </classes>
    </package>
    <package name="src.actor.map" line-rate="0" branch-rate="0">
      <classes>
        <class name="actor.map.ts" filename="src/actor/map/actor.map.ts" line-rate="0" branch-rate="0">
          <methods>
            <method name="actorMap" hits="0" signature="()V">
              <lines>
                <line number="3" hits="0"/>
              </lines>
            </method>
          </methods>
          <lines>
            <line number="3" hits="0" branch="false"/>
            <line number="4" hits="0" branch="false"/>
          </lines>
        </class>
      </classes>
    </package>
    <package name="src.actorType" line-rate="0.46149999999999997" branch-rate="0">
      <classes>
        <class name="actorType.controller.ts" filename="src/actorType/actorType.controller.ts" line-rate="0.7095999999999999" branch-rate="1">
          <methods>
            <method name="(anonymous_4)" hits="40" signature="()V">
              <lines>
                <line number="45" hits="40"/>
              </lines>
            </method>
            <method name="(anonymous_5)" hits="0" signature="()V">
              <lines>
                <line number="75" hits="0"/>
              </lines>
            </method>
            <method name="(anonymous_6)" hits="0" signature="()V">
              <lines>
                <line number="91" hits="0"/>
              </lines>
            </method>
            <method name="(anonymous_7)" hits="0" signature="()V">
              <lines>
                <line number="108" hits="0"/>
              </lines>
            </method>
            <method name="(anonymous_8)" hits="0" signature="()V">
              <lines>
                <line number="130" hits="0"/>
              </lines>
            </method>
            <method name="(anonymous_9)" hits="0" signature="()V">
              <lines>
                <line number="152" hits="0"/>
              </lines>
            </method>
            <method name="(anonymous_10)" hits="0" signature="()V">
              <lines>
                <line number="169" hits="0"/>
              </lines>
            </method>
            <method name="(anonymous_11)" hits="0" signature="()V">
              <lines>
                <line number="195" hits="0"/>
              </lines>
            </method>
            <method name="(anonymous_12)" hits="0" signature="()V">
              <lines>
                <line number="215" hits="0"/>
              </lines>
            </method>
          </methods>
          <lines>
            <line number="1" hits="28" branch="false"/>
            <line number="14" hits="28" branch="false"/>
            <line number="22" hits="28" branch="false"/>
            <line number="23" hits="28" branch="false"/>
            <line number="24" hits="28" branch="false"/>
            <line number="25" hits="28" branch="false"/>
            <line number="26" hits="28" branch="false"/>
            <line number="27" hits="28" branch="false"/>
            <line number="28" hits="28" branch="false"/>
            <line number="29" hits="28" branch="false"/>
            <line number="34" hits="28" branch="false"/>
            <line number="35" hits="28" branch="false"/>
            <line number="44" hits="28" branch="false"/>
            <line number="45" hits="40" branch="false"/>
            <line number="75" hits="28" branch="false"/>
            <line number="76" hits="0" branch="false"/>
            <line number="91" hits="28" branch="false"/>
            <line number="92" hits="0" branch="false"/>
            <line number="108" hits="28" branch="false"/>
            <line number="109" hits="0" branch="false"/>
            <line number="130" hits="28" branch="false"/>
            <line number="131" hits="0" branch="false"/>
            <line number="152" hits="28" branch="false"/>
            <line number="156" hits="0" branch="false"/>
            <line number="169" hits="28" branch="false"/>
            <line number="170" hits="0" branch="false"/>
            <line number="195" hits="28" branch="false"/>
            <line number="199" hits="0" branch="false"/>
            <line number="205" hits="0" branch="false"/>
            <line number="215" hits="28" branch="false"/>
            <line number="216" hits="0" branch="false"/>
          </lines>
        </class>
        <class name="actorType.module.ts" filename="src/actorType/actorType.module.ts" line-rate="1" branch-rate="1">
          <methods>
          </methods>
          <lines>
            <line number="1" hits="28" branch="false"/>
            <line number="2" hits="28" branch="false"/>
            <line number="3" hits="28" branch="false"/>
            <line number="4" hits="28" branch="false"/>
            <line number="5" hits="28" branch="false"/>
            <line number="13" hits="28" branch="false"/>
          </lines>
        </class>
        <class name="actorType.service.ts" filename="src/actorType/actorType.service.ts" line-rate="0.19510000000000002" branch-rate="0">
          <methods>
            <method name="escapeHtml" hits="0" signature="()V">
              <lines>
                <line number="38" hits="0"/>
              </lines>
            </method>
            <method name="(anonymous_3)" hits="40" signature="()V">
              <lines>
                <line number="73" hits="40"/>
              </lines>
            </method>
            <method name="(anonymous_4)" hits="0" signature="()V">
              <lines>
                <line number="80" hits="0"/>
              </lines>
            </method>
            <method name="(anonymous_5)" hits="0" signature="()V">
              <lines>
                <line number="92" hits="0"/>
              </lines>
            </method>
            <method name="(anonymous_6)" hits="0" signature="()V">
              <lines>
                <line number="103" hits="0"/>
              </lines>
            </method>
            <method name="(anonymous_7)" hits="0" signature="()V">
              <lines>
                <line number="113" hits="0"/>
              </lines>
            </method>
            <method name="(anonymous_8)" hits="0" signature="()V">
              <lines>
                <line number="117" hits="0"/>
              </lines>
            </method>
            <method name="(anonymous_9)" hits="0" signature="()V">
              <lines>
                <line number="123" hits="0"/>
              </lines>
            </method>
            <method name="(anonymous_10)" hits="0" signature="()V">
              <lines>
                <line number="134" hits="0"/>
              </lines>
            </method>
            <method name="(anonymous_11)" hits="0" signature="()V">
              <lines>
                <line number="153" hits="0"/>
              </lines>
            </method>
            <method name="(anonymous_12)" hits="0" signature="()V">
              <lines>
                <line number="173" hits="0"/>
              </lines>
            </method>
            <method name="(anonymous_13)" hits="0" signature="()V">
              <lines>
                <line number="184" hits="0"/>
              </lines>
            </method>
          </methods>
          <lines>
            <line number="1" hits="28" branch="false"/>
            <line number="3" hits="28" branch="false"/>
            <line number="5" hits="28" branch="false"/>
            <line number="14" hits="28" branch="false"/>
            <line number="33" hits="28" branch="false"/>
            <line number="39" hits="0" branch="false"/>
            <line number="47" hits="28" branch="false"/>
            <line number="72" hits="28" branch="false"/>
            <line number="74" hits="40" branch="false"/>
            <line number="84" hits="0" branch="false"/>
            <line number="93" hits="0" branch="false"/>
            <line number="104" hits="0" branch="false"/>
            <line number="105" hits="0" branch="true" condition-coverage="0% (0/1)"/>
            <line number="106" hits="0" branch="false"/>
            <line number="110" hits="0" branch="false"/>
            <line number="114" hits="0" branch="false"/>
            <line number="121" hits="0" branch="false"/>
            <line number="122" hits="0" branch="false"/>
            <line number="123" hits="0" branch="false"/>
            <line number="125" hits="0" branch="false"/>
            <line number="126" hits="0" branch="false"/>
            <line number="132" hits="0" branch="false"/>
            <line number="133" hits="0" branch="false"/>
            <line number="134" hits="0" branch="false"/>
            <line number="135" hits="0" branch="true" condition-coverage="0% (0/1)"/>
            <line number="137" hits="0" branch="false"/>
            <line number="138" hits="0" branch="true" condition-coverage="0% (0/2)"/>
            <line number="140" hits="0" branch="false"/>
            <line number="141" hits="0" branch="false"/>
            <line number="142" hits="0" branch="false"/>
            <line number="143" hits="0" branch="false"/>
            <line number="144" hits="0" branch="true" condition-coverage="0% (0/1)"/>
            <line number="145" hits="0" branch="false"/>
            <line number="151" hits="0" branch="true" condition-coverage="0% (0/1)"/>
            <line number="152" hits="0" branch="false"/>
            <line number="153" hits="0" branch="false"/>
            <line number="158" hits="0" branch="true" condition-coverage="0% (0/1)"/>
            <line number="159" hits="0" branch="false"/>
            <line number="170" hits="0" branch="false"/>
            <line number="174" hits="0" branch="false"/>
            <line number="184" hits="0" branch="false"/>
          </lines>
        </class>
      </classes>
    </package>
    <package name="src.actorType.dto" line-rate="0.9795" branch-rate="1">
      <classes>
        <class name="actor-type-filters.dto.ts" filename="src/actorType/dto/actor-type-filters.dto.ts" line-rate="0.875" branch-rate="1">
          <methods>
            <method name="(anonymous_2)" hits="0" signature="()V">
              <lines>
                <line number="14" hits="0"/>
              </lines>
            </method>
          </methods>
          <lines>
            <line number="1" hits="28" branch="false"/>
            <line number="2" hits="28" branch="false"/>
            <line number="3" hits="28" branch="false"/>
            <line number="4" hits="28" branch="false"/>
            <line number="5" hits="28" branch="false"/>
            <line number="7" hits="28" branch="false"/>
            <line number="14" hits="0" branch="false"/>
            <line number="16" hits="28" branch="false"/>
          </lines>
        </class>
        <class name="actorType.dto.ts" filename="src/actorType/dto/actorType.dto.ts" line-rate="1" branch-rate="1">
          <methods>
          </methods>
          <lines>
            <line number="1" hits="28" branch="false"/>
            <line number="2" hits="28" branch="false"/>
            <line number="4" hits="28" branch="false"/>
            <line number="12" hits="28" branch="false"/>
            <line number="20" hits="28" branch="false"/>
            <line number="30" hits="28" branch="false"/>
            <line number="33" hits="28" branch="false"/>
            <line number="34" hits="28" branch="false"/>
            <line number="41" hits="28" branch="false"/>
            <line number="49" hits="28" branch="false"/>
          </lines>
        </class>
        <class name="app-perms-matrix-history.dto.ts" filename="src/actorType/dto/app-perms-matrix-history.dto.ts" line-rate="1" branch-rate="1">
          <methods>
          </methods>
          <lines>
            <line number="1" hits="28" branch="false"/>
            <line number="3" hits="28" branch="false"/>
            <line number="5" hits="28" branch="false"/>
            <line number="8" hits="28" branch="false"/>
            <line number="14" hits="28" branch="false"/>
            <line number="22" hits="28" branch="false"/>
          </lines>
        </class>
        <class name="app-perms-matrix.dto.ts" filename="src/actorType/dto/app-perms-matrix.dto.ts" line-rate="1" branch-rate="1">
          <methods>
          </methods>
          <lines>
            <line number="1" hits="28" branch="false"/>
            <line number="2" hits="28" branch="false"/>
            <line number="4" hits="28" branch="false"/>
            <line number="7" hits="28" branch="false"/>
            <line number="11" hits="28" branch="false"/>
            <line number="15" hits="28" branch="false"/>
            <line number="19" hits="28" branch="false"/>
            <line number="23" hits="28" branch="false"/>
            <line number="27" hits="28" branch="false"/>
            <line number="31" hits="28" branch="false"/>
            <line number="35" hits="28" branch="false"/>
            <line number="39" hits="28" branch="false"/>
            <line number="43" hits="28" branch="false"/>
            <line number="47" hits="28" branch="false"/>
            <line number="51" hits="28" branch="false"/>
            <line number="55" hits="28" branch="false"/>
            <line number="59" hits="28" branch="false"/>
            <line number="63" hits="28" branch="false"/>
            <line number="67" hits="28" branch="false"/>
            <line number="71" hits="28" branch="false"/>
            <line number="75" hits="28" branch="false"/>
            <line number="79" hits="28" branch="false"/>
            <line number="83" hits="28" branch="false"/>
            <line number="87" hits="28" branch="false"/>
            <line number="91" hits="28" branch="false"/>
          </lines>
        </class>
      </classes>
    </package>
    <package name="src.applications" line-rate="0.7025" branch-rate="0.5864">
      <classes>
        <class name="application.controller.ts" filename="src/applications/application.controller.ts" line-rate="0.7843000000000001" branch-rate="0">
          <methods>
            <method name="(anonymous_4)" hits="40" signature="()V">
              <lines>
                <line number="57" hits="40"/>
              </lines>
            </method>
            <method name="(anonymous_5)" hits="3" signature="()V">
              <lines>
                <line number="92" hits="3"/>
              </lines>
            </method>
            <method name="(anonymous_6)" hits="0" signature="()V">
              <lines>
                <line number="112" hits="0"/>
              </lines>
            </method>
            <method name="(anonymous_7)" hits="0" signature="()V">
              <lines>
                <line number="126" hits="0"/>
              </lines>
            </method>
            <method name="(anonymous_8)" hits="10" signature="()V">
              <lines>
                <line number="142" hits="10"/>
              </lines>
            </method>
            <method name="(anonymous_9)" hits="0" signature="()V">
              <lines>
                <line number="170" hits="0"/>
              </lines>
            </method>
            <method name="(anonymous_10)" hits="0" signature="()V">
              <lines>
                <line number="198" hits="0"/>
              </lines>
            </method>
            <method name="(anonymous_11)" hits="6" signature="()V">
              <lines>
                <line number="244" hits="6"/>
              </lines>
            </method>
            <method name="(anonymous_12)" hits="0" signature="()V">
              <lines>
                <line number="261" hits="0"/>
              </lines>
            </method>
            <method name="(anonymous_13)" hits="0" signature="()V">
              <lines>
                <line number="284" hits="0"/>
              </lines>
            </method>
            <method name="(anonymous_14)" hits="9" signature="()V">
              <lines>
                <line number="304" hits="9"/>
              </lines>
            </method>
            <method name="(anonymous_15)" hits="1" signature="()V">
              <lines>
                <line number="333" hits="1"/>
              </lines>
            </method>
          </methods>
          <lines>
            <line number="1" hits="28" branch="false"/>
            <line number="16" hits="28" branch="false"/>
            <line number="30" hits="28" branch="false"/>
            <line number="31" hits="28" branch="false"/>
            <line number="32" hits="28" branch="false"/>
            <line number="33" hits="28" branch="false"/>
            <line number="34" hits="28" branch="false"/>
            <line number="35" hits="28" branch="false"/>
            <line number="36" hits="28" branch="false"/>
            <line number="37" hits="28" branch="false"/>
            <line number="38" hits="28" branch="false"/>
            <line number="39" hits="28" branch="false"/>
            <line number="43" hits="28" branch="false"/>
            <line number="50" hits="28" branch="false"/>
            <line number="51" hits="28" branch="false"/>
            <line number="52" hits="28" branch="false"/>
            <line number="56" hits="28" branch="false"/>
            <line number="58" hits="40" branch="false"/>
            <line number="59" hits="40" branch="false"/>
            <line number="60" hits="40" branch="false"/>
            <line number="61" hits="40" branch="false"/>
            <line number="92" hits="28" branch="false"/>
            <line number="96" hits="3" branch="false"/>
            <line number="100" hits="3" branch="false"/>
            <line number="112" hits="28" branch="false"/>
            <line number="113" hits="0" branch="false"/>
            <line number="126" hits="28" branch="false"/>
            <line number="127" hits="0" branch="false"/>
            <line number="142" hits="28" branch="false"/>
            <line number="146" hits="10" branch="false"/>
            <line number="170" hits="28" branch="false"/>
            <line number="171" hits="0" branch="false"/>
            <line number="198" hits="28" branch="false"/>
            <line number="205" hits="0" branch="true" condition-coverage="0% (0/2)"/>
            <line number="212" hits="0" branch="false"/>
            <line number="218" hits="0" branch="false"/>
            <line number="222" hits="0" branch="false"/>
            <line number="226" hits="0" branch="false"/>
            <line number="244" hits="28" branch="false"/>
            <line number="248" hits="6" branch="false"/>
            <line number="261" hits="28" branch="false"/>
            <line number="264" hits="0" branch="false"/>
            <line number="284" hits="28" branch="false"/>
            <line number="285" hits="0" branch="false"/>
            <line number="286" hits="0" branch="false"/>
            <line number="304" hits="28" branch="false"/>
            <line number="309" hits="9" branch="false"/>
            <line number="314" hits="9" branch="false"/>
            <line number="333" hits="28" branch="false"/>
            <line number="334" hits="1" branch="false"/>
            <line number="335" hits="1" branch="false"/>
          </lines>
        </class>
        <class name="application.module.ts" filename="src/applications/application.module.ts" line-rate="1" branch-rate="1">
          <methods>
          </methods>
          <lines>
            <line number="1" hits="28" branch="false"/>
            <line number="2" hits="28" branch="false"/>
            <line number="3" hits="28" branch="false"/>
            <line number="4" hits="28" branch="false"/>
            <line number="6" hits="28" branch="false"/>
            <line number="7" hits="28" branch="false"/>
            <line number="8" hits="28" branch="false"/>
            <line number="9" hits="28" branch="false"/>
            <line number="10" hits="28" branch="false"/>
            <line number="11" hits="28" branch="false"/>
            <line number="12" hits="28" branch="false"/>
            <line number="13" hits="28" branch="false"/>
            <line number="14" hits="28" branch="false"/>
            <line number="15" hits="28" branch="false"/>
            <line number="16" hits="28" branch="false"/>
            <line number="43" hits="28" branch="false"/>
          </lines>
        </class>
        <class name="application.service.ts" filename="src/applications/application.service.ts" line-rate="0.7306999999999999" branch-rate="0.738">
          <methods>
            <method name="objectEntries" hits="0" signature="()V">
              <lines>
                <line number="30" hits="0"/>
              </lines>
            </method>
            <method name="(anonymous_3)" hits="51" signature="()V">
              <lines>
                <line number="70" hits="51"/>
              </lines>
            </method>
            <method name="(anonymous_4)" hits="3" signature="()V">
              <lines>
                <line number="82" hits="3"/>
              </lines>
            </method>
            <method name="(anonymous_5)" hits="3" signature="()V">
              <lines>
                <line number="91" hits="3"/>
              </lines>
            </method>
            <method name="(anonymous_6)" hits="2" signature="()V">
              <lines>
                <line number="108" hits="2"/>
              </lines>
            </method>
            <method name="(anonymous_7)" hits="3" signature="()V">
              <lines>
                <line number="159" hits="3"/>
              </lines>
            </method>
            <method name="(anonymous_8)" hits="9" signature="()V">
              <lines>
                <line number="182" hits="9"/>
              </lines>
            </method>
            <method name="(anonymous_9)" hits="6" signature="()V">
              <lines>
                <line number="217" hits="6"/>
              </lines>
            </method>
            <method name="(anonymous_10)" hits="0" signature="()V">
              <lines>
                <line number="260" hits="0"/>
              </lines>
            </method>
            <method name="(anonymous_11)" hits="0" signature="()V">
              <lines>
                <line number="261" hits="0"/>
              </lines>
            </method>
            <method name="(anonymous_12)" hits="0" signature="()V">
              <lines>
                <line number="266" hits="0"/>
              </lines>
            </method>
            <method name="(anonymous_13)" hits="0" signature="()V">
              <lines>
                <line number="269" hits="0"/>
              </lines>
            </method>
            <method name="(anonymous_14)" hits="0" signature="()V">
              <lines>
                <line number="274" hits="0"/>
              </lines>
            </method>
            <method name="(anonymous_15)" hits="0" signature="()V">
              <lines>
                <line number="299" hits="0"/>
              </lines>
            </method>
            <method name="(anonymous_16)" hits="0" signature="()V">
              <lines>
                <line number="305" hits="0"/>
              </lines>
            </method>
            <method name="(anonymous_17)" hits="0" signature="()V">
              <lines>
                <line number="314" hits="0"/>
              </lines>
            </method>
            <method name="(anonymous_18)" hits="0" signature="()V">
              <lines>
                <line number="324" hits="0"/>
              </lines>
            </method>
            <method name="(anonymous_19)" hits="0" signature="()V">
              <lines>
                <line number="328" hits="0"/>
              </lines>
            </method>
            <method name="(anonymous_20)" hits="0" signature="()V">
              <lines>
                <line number="331" hits="0"/>
              </lines>
            </method>
            <method name="(anonymous_21)" hits="18" signature="()V">
              <lines>
                <line number="335" hits="18"/>
              </lines>
            </method>
            <method name="(anonymous_22)" hits="9" signature="()V">
              <lines>
                <line number="366" hits="9"/>
              </lines>
            </method>
            <method name="(anonymous_23)" hits="17" signature="()V">
              <lines>
                <line number="366" hits="17"/>
              </lines>
            </method>
            <method name="(anonymous_24)" hits="18" signature="()V">
              <lines>
                <line number="407" hits="18"/>
              </lines>
            </method>
            <method name="(anonymous_25)" hits="18" signature="()V">
              <lines>
                <line number="408" hits="18"/>
              </lines>
            </method>
            <method name="(anonymous_26)" hits="17" signature="()V">
              <lines>
                <line number="410" hits="17"/>
              </lines>
            </method>
            <method name="(anonymous_27)" hits="14" signature="()V">
              <lines>
                <line number="417" hits="14"/>
              </lines>
            </method>
            <method name="(anonymous_28)" hits="14" signature="()V">
              <lines>
                <line number="418" hits="14"/>
              </lines>
            </method>
            <method name="(anonymous_29)" hits="4" signature="()V">
              <lines>
                <line number="421" hits="4"/>
              </lines>
            </method>
            <method name="(anonymous_30)" hits="13" signature="()V">
              <lines>
                <line number="444" hits="13"/>
              </lines>
            </method>
            <method name="(anonymous_31)" hits="13" signature="()V">
              <lines>
                <line number="456" hits="13"/>
              </lines>
            </method>
            <method name="(anonymous_32)" hits="3" signature="()V">
              <lines>
                <line number="468" hits="3"/>
              </lines>
            </method>
            <method name="(anonymous_33)" hits="1" signature="()V">
              <lines>
                <line number="523" hits="1"/>
              </lines>
            </method>
            <method name="(anonymous_34)" hits="0" signature="()V">
              <lines>
                <line number="527" hits="0"/>
              </lines>
            </method>
            <method name="(anonymous_35)" hits="9" signature="()V">
              <lines>
                <line number="531" hits="9"/>
              </lines>
            </method>
            <method name="(anonymous_36)" hits="2" signature="()V">
              <lines>
                <line number="547" hits="2"/>
              </lines>
            </method>
            <method name="(anonymous_37)" hits="1" signature="()V">
              <lines>
                <line number="552" hits="1"/>
              </lines>
            </method>
            <method name="(anonymous_38)" hits="9" signature="()V">
              <lines>
                <line number="562" hits="9"/>
              </lines>
            </method>
            <method name="(anonymous_39)" hits="45" signature="()V">
              <lines>
                <line number="575" hits="45"/>
              </lines>
            </method>
            <method name="(anonymous_40)" hits="18" signature="()V">
              <lines>
                <line number="581" hits="18"/>
              </lines>
            </method>
            <method name="(anonymous_41)" hits="56" signature="()V">
              <lines>
                <line number="589" hits="56"/>
              </lines>
            </method>
            <method name="(anonymous_42)" hits="0" signature="()V">
              <lines>
                <line number="610" hits="0"/>
              </lines>
            </method>
            <method name="(anonymous_43)" hits="0" signature="()V">
              <lines>
                <line number="627" hits="0"/>
[...]
            <line number="6" hits="12" branch="false"/>
            <line number="8" hits="12" branch="false"/>
            <line number="9" hits="12" branch="false"/>
            <line number="10" hits="12" branch="false"/>
            <line number="12" hits="52" branch="false"/>
            <line number="15" hits="52" branch="false"/>
            <line number="16" hits="52" branch="false"/>
            <line number="23" hits="30" branch="false"/>
            <line number="38" hits="52" branch="false"/>
            <line number="43" hits="20" branch="true" condition-coverage="100% (2/2)"/>
            <line number="50" hits="52" branch="false"/>
            <line number="55" hits="52" branch="false"/>
            <line number="59" hits="6" branch="false"/>
            <line number="60" hits="6" branch="false"/>
          </lines>
        </class>
        <class name="business-division.faker.ts" filename="tests/fakers/business-division.faker.ts" line-rate="1" branch-rate="1">
          <methods>
            <method name="(anonymous_0)" hits="9" signature="()V">
              <lines>
                <line number="5" hits="9"/>
              </lines>
            </method>
          </methods>
          <lines>
            <line number="1" hits="2" branch="false"/>
            <line number="2" hits="2" branch="false"/>
            <line number="4" hits="2" branch="false"/>
            <line number="6" hits="9" branch="false"/>
            <line number="8" hits="9" branch="false"/>
            <line number="13" hits="9" branch="false"/>
          </lines>
        </class>
        <class name="compliance.faker.ts" filename="tests/fakers/compliance.faker.ts" line-rate="1" branch-rate="1">
          <methods>
            <method name="(anonymous_0)" hits="4" signature="()V">
              <lines>
                <line number="92" hits="4"/>
              </lines>
            </method>
          </methods>
          <lines>
            <line number="2" hits="1" branch="false"/>
            <line number="3" hits="1" branch="false"/>
            <line number="10" hits="1" branch="false"/>
            <line number="12" hits="1" branch="false"/>
            <line number="91" hits="1" branch="false"/>
            <line number="93" hits="4" branch="false"/>
            <line number="94" hits="4" branch="false"/>
            <line number="95" hits="4" branch="false"/>
            <line number="97" hits="4" branch="false"/>
          </lines>
        </class>
        <class name="data-application.faker.ts" filename="tests/fakers/data-application.faker.ts" line-rate="0.9523" branch-rate="0.8332999999999999">
          <methods>
            <method name="(anonymous_0)" hits="12" signature="()V">
              <lines>
                <line number="36" hits="12"/>
              </lines>
            </method>
            <method name="(anonymous_1)" hits="7" signature="()V">
              <lines>
                <line number="62" hits="7"/>
              </lines>
            </method>
            <method name="(anonymous_2)" hits="8" signature="()V">
              <lines>
                <line number="66" hits="8"/>
              </lines>
            </method>
            <method name="(anonymous_3)" hits="8" signature="()V">
              <lines>
                <line number="79" hits="8"/>
              </lines>
            </method>
            <method name="(anonymous_4)" hits="7" signature="()V">
              <lines>
                <line number="83" hits="7"/>
              </lines>
            </method>
            <method name="(anonymous_5)" hits="3" signature="()V">
              <lines>
                <line number="87" hits="3"/>
              </lines>
            </method>
            <method name="(anonymous_6)" hits="10" signature="()V">
              <lines>
                <line number="92" hits="10"/>
              </lines>
            </method>
            <method name="(anonymous_7)" hits="0" signature="()V">
              <lines>
                <line number="101" hits="0"/>
              </lines>
            </method>
          </methods>
          <lines>
            <line number="1" hits="1" branch="false"/>
            <line number="2" hits="1" branch="false"/>
            <line number="3" hits="1" branch="false"/>
            <line number="4" hits="1" branch="false"/>
            <line number="6" hits="1" branch="false"/>
            <line number="19" hits="1" branch="false"/>
            <line number="28" hits="1" branch="false"/>
            <line number="35" hits="1" branch="false"/>
            <line number="42" hits="12" branch="false"/>
            <line number="44" hits="12" branch="false"/>
            <line number="62" hits="7" branch="false"/>
            <line number="67" hits="8" branch="false"/>
            <line number="79" hits="8" branch="false"/>
            <line number="83" hits="7" branch="false"/>
            <line number="87" hits="3" branch="false"/>
            <line number="93" hits="10" branch="false"/>
            <line number="101" hits="0" branch="false"/>
            <line number="107" hits="12" branch="false"/>
            <line number="108" hits="12" branch="false"/>
            <line number="109" hits="11" branch="false"/>
            <line number="112" hits="12" branch="false"/>
          </lines>
        </class>
        <class name="data-description.faker.ts" filename="tests/fakers/data-description.faker.ts" line-rate="0.8181" branch-rate="0.8461">
          <methods>
            <method name="(anonymous_0)" hits="30" signature="()V">
              <lines>
                <line number="50" hits="30"/>
              </lines>
            </method>
            <method name="(anonymous_1)" hits="2" signature="()V">
              <lines>
                <line number="77" hits="2"/>
              </lines>
            </method>
            <method name="(anonymous_2)" hits="0" signature="()V">
              <lines>
                <line number="84" hits="0"/>
              </lines>
            </method>
            <method name="(anonymous_3)" hits="2" signature="()V">
              <lines>
                <line number="87" hits="2"/>
              </lines>
            </method>
            <method name="(anonymous_4)" hits="0" signature="()V">
              <lines>
                <line number="93" hits="0"/>
              </lines>
            </method>
          </methods>
          <lines>
            <line number="1" hits="1" branch="false"/>
            <line number="2" hits="1" branch="false"/>
            <line number="5" hits="1" branch="false"/>
            <line number="38" hits="1" branch="false"/>
            <line number="49" hits="1" branch="false"/>
            <line number="60" hits="30" branch="false"/>
            <line number="62" hits="30" branch="false"/>
            <line number="77" hits="2" branch="false"/>
            <line number="84" hits="0" branch="false"/>
            <line number="87" hits="2" branch="false"/>
            <line number="94" hits="0" branch="false"/>
          </lines>
        </class>
        <class name="data-exposure.faker.ts" filename="tests/fakers/data-exposure.faker.ts" line-rate="1" branch-rate="1">
          <methods>
            <method name="(anonymous_0)" hits="13" signature="()V">
              <lines>
                <line number="15" hits="13"/>
              </lines>
            </method>
          </methods>
          <lines>
            <line number="1" hits="1" branch="false"/>
            <line number="2" hits="1" branch="false"/>
            <line number="4" hits="1" branch="false"/>
            <line number="11" hits="1" branch="false"/>
            <line number="12" hits="1" branch="false"/>
            <line number="14" hits="1" branch="false"/>
            <line number="16" hits="13" branch="false"/>
            <line number="18" hits="13" branch="false"/>
            <line number="19" hits="13" branch="false"/>
            <line number="21" hits="13" branch="false"/>
          </lines>
        </class>
        <class name="data-family.faker.ts" filename="tests/fakers/data-family.faker.ts" line-rate="0.4" branch-rate="0.6">
          <methods>
            <method name="(anonymous_0)" hits="8" signature="()V">
              <lines>
                <line number="33" hits="8"/>
              </lines>
            </method>
            <method name="(anonymous_1)" hits="0" signature="()V">
              <lines>
                <line number="41" hits="0"/>
              </lines>
            </method>
            <method name="(anonymous_2)" hits="0" signature="()V">
              <lines>
                <line number="55" hits="0"/>
              </lines>
            </method>
          </methods>
          <lines>
            <line number="1" hits="2" branch="false"/>
            <line number="2" hits="2" branch="false"/>
            <line number="5" hits="2" branch="false"/>
            <line number="32" hits="2" branch="false"/>
            <line number="34" hits="8" branch="false"/>
            <line number="35" hits="8" branch="false"/>
            <line number="42" hits="0" branch="false"/>
            <line number="43" hits="0" branch="false"/>
            <line number="44" hits="0" branch="false"/>
            <line number="45" hits="0" branch="false"/>
            <line number="46" hits="0" branch="true" condition-coverage="0% (0/2)"/>
            <line number="47" hits="0" branch="false"/>
            <line number="49" hits="0" branch="false"/>
            <line number="52" hits="0" branch="false"/>
            <line number="56" hits="0" branch="false"/>
          </lines>
        </class>
        <class name="data-sensibility.faker.ts" filename="tests/fakers/data-sensibility.faker.ts" line-rate="0.909" branch-rate="0.5">
          <methods>
            <method name="(anonymous_0)" hits="1" signature="()V">
              <lines>
                <line number="11" hits="1"/>
              </lines>
            </method>
          </methods>
          <lines>
            <line number="1" hits="1" branch="false"/>
            <line number="4" hits="1" branch="false"/>
            <line number="9" hits="1" branch="false"/>
            <line number="12" hits="1" branch="false"/>
            <line number="13" hits="1" branch="false"/>
            <line number="14" hits="1" branch="false"/>
            <line number="15" hits="2" branch="false"/>
            <line number="18" hits="2" branch="true" condition-coverage="50% (1/2)"/>
            <line number="19" hits="0" branch="false"/>
            <line number="21" hits="2" branch="false"/>
            <line number="24" hits="1" branch="false"/>
          </lines>
        </class>
        <class name="hosting-option.faker.ts" filename="tests/fakers/hosting-option.faker.ts" line-rate="1" branch-rate="1">
          <methods>
            <method name="(anonymous_0)" hits="9" signature="()V">
              <lines>
                <line number="5" hits="9"/>
              </lines>
            </method>
            <method name="(anonymous_1)" hits="5" signature="()V">
              <lines>
                <line number="32" hits="5"/>
              </lines>
            </method>
            <method name="(anonymous_2)" hits="5" signature="()V">
              <lines>
                <line number="35" hits="5"/>
              </lines>
            </method>
          </methods>
          <lines>
            <line number="1" hits="2" branch="false"/>
            <line number="2" hits="2" branch="false"/>
            <line number="4" hits="2" branch="false"/>
            <line number="6" hits="9" branch="false"/>
            <line number="8" hits="9" branch="false"/>
            <line number="15" hits="9" branch="false"/>
            <line number="26" hits="9" branch="false"/>
            <line number="32" hits="5" branch="false"/>
            <line number="35" hits="5" branch="false"/>
          </lines>
        </class>
        <class name="hosting.faker.ts" filename="tests/fakers/hosting.faker.ts" line-rate="1" branch-rate="1">
          <methods>
            <method name="(anonymous_0)" hits="4" signature="()V">
              <lines>
                <line number="6" hits="4"/>
              </lines>
            </method>
            <method name="(anonymous_1)" hits="2" signature="()V">
              <lines>
                <line number="34" hits="2"/>
              </lines>
            </method>
          </methods>
          <lines>
            <line number="2" hits="1" branch="false"/>
            <line number="3" hits="1" branch="false"/>
            <line number="5" hits="1" branch="false"/>
            <line number="12" hits="4" branch="false"/>
            <line number="14" hits="4" branch="false"/>
            <line number="16" hits="4" branch="false"/>
            <line number="34" hits="2" branch="false"/>
          </lines>
        </class>
        <class name="label-source.faker.ts" filename="tests/fakers/label-source.faker.ts" line-rate="1" branch-rate="1">
          <methods>
            <method name="(anonymous_0)" hits="4" signature="()V">
              <lines>
                <line number="5" hits="4"/>
              </lines>
            </method>
          </methods>
          <lines>
            <line number="1" hits="2" branch="false"/>
            <line number="2" hits="2" branch="false"/>
            <line number="4" hits="2" branch="false"/>
            <line number="6" hits="4" branch="false"/>
            <line number="8" hits="4" branch="false"/>
            <line number="10" hits="4" branch="false"/>
          </lines>
        </class>
        <class name="link.faker.ts" filename="tests/fakers/link.faker.ts" line-rate="1" branch-rate="1">
          <methods>
            <method name="(anonymous_0)" hits="2" signature="()V">
              <lines>
                <line number="5" hits="2"/>
              </lines>
            </method>
          </methods>
          <lines>
            <line number="2" hits="1" branch="false"/>
            <line number="4" hits="1" branch="false"/>
            <line number="6" hits="2" branch="false"/>
            <line number="8" hits="2" branch="false"/>
          </lines>
        </class>
        <class name="organization.faker.ts" filename="tests/fakers/organization.faker.ts" line-rate="1" branch-rate="1">
          <methods>
            <method name="(anonymous_0)" hits="15" signature="()V">
              <lines>
                <line number="5" hits="15"/>
              </lines>
            </method>
          </methods>
          <lines>
            <line number="1" hits="3" branch="false"/>
            <line number="2" hits="3" branch="false"/>
            <line number="4" hits="3" branch="false"/>
            <line number="6" hits="15" branch="false"/>
            <line number="8" hits="15" branch="false"/>
          </lines>
        </class>
        <class name="prisma.ts" filename="tests/fakers/prisma.ts" line-rate="1" branch-rate="1">
          <methods>
            <method name="getPrismaClient" hits="355" signature="()V">
              <lines>
                <line number="11" hits="355"/>
              </lines>
            </method>
          </methods>
          <lines>
            <line number="3" hits="28" branch="false"/>
            <line number="11" hits="28" branch="false"/>
            <line number="12" hits="355" branch="true" condition-coverage="100% (1/1)"/>
            <line number="13" hits="28" branch="false"/>
            <line number="15" hits="355" branch="false"/>
          </lines>
        </class>
        <class name="stats.faker.ts" filename="tests/fakers/stats.faker.ts" line-rate="0" branch-rate="0">
          <methods>
            <method name="(anonymous_0)" hits="0" signature="()V">
              <lines>
                <line number="6" hits="0"/>
              </lines>
            </method>
          </methods>
          <lines>
            <line number="1" hits="0" branch="false"/>
            <line number="2" hits="0" branch="false"/>
            <line number="3" hits="0" branch="false"/>
            <line number="5" hits="0" branch="false"/>
            <line number="11" hits="0" branch="false"/>
            <line number="12" hits="0" branch="true" condition-coverage="0% (0/2)"/>
            <line number="13" hits="0" branch="true" condition-coverage="0% (0/2)"/>
            <line number="14" hits="0" branch="true" condition-coverage="0% (0/2)"/>
            <line number="16" hits="0" branch="false"/>
          </lines>
        </class>
        <class name="tag.faker.ts" filename="tests/fakers/tag.faker.ts" line-rate="1" branch-rate="0.5">
          <methods>
            <method name="(anonymous_0)" hits="7" signature="()V">
              <lines>
                <line number="5" hits="7"/>
              </lines>
            </method>
          </methods>
          <lines>
            <line number="1" hits="3" branch="false"/>
            <line number="2" hits="3" branch="false"/>
            <line number="4" hits="3" branch="false"/>
            <line number="6" hits="7" branch="false"/>
            <line number="9" hits="7" branch="true" condition-coverage="50% (1/2)"/>
            <line number="14" hits="7" branch="false"/>
          </lines>
        </class>
        <class name="technical-debt-info.faker.ts" filename="tests/fakers/technical-debt-info.faker.ts" line-rate="0" branch-rate="0">
          <methods>
            <method name="(anonymous_0)" hits="0" signature="()V">
              <lines>
                <line number="6" hits="0"/>
              </lines>
            </method>
            <method name="(anonymous_1)" hits="0" signature="()V">
              <lines>
                <line number="34" hits="0"/>
              </lines>
            </method>
            <method name="(anonymous_2)" hits="0" signature="()V">
              <lines>
                <line number="39" hits="0"/>
              </lines>
            </method>
            <method name="(anonymous_3)" hits="0" signature="()V">
              <lines>
                <line number="44" hits="0"/>
              </lines>
            </method>
          </methods>
          <lines>
            <line number="2" hits="0" branch="false"/>
            <line number="3" hits="0" branch="false"/>
            <line number="5" hits="0" branch="false"/>
            <line number="14" hits="0" branch="false"/>
            <line number="16" hits="0" branch="false"/>
            <line number="18" hits="0" branch="false"/>
            <line number="35" hits="0" branch="false"/>
            <line number="40" hits="0" branch="false"/>
            <line number="45" hits="0" branch="false"/>
          </lines>
        </class>
        <class name="user.faker.ts" filename="tests/fakers/user.faker.ts" line-rate="1" branch-rate="1">
          <methods>
            <method name="(anonymous_0)" hits="75" signature="()V">
              <lines>
                <line number="14" hits="75"/>
              </lines>
            </method>
            <method name="updateUserInDB" hits="9" signature="()V">
              <lines>
                <line number="35" hits="9"/>
              </lines>
            </method>
          </methods>
          <lines>
            <line number="2" hits="26" branch="false"/>
            <line number="4" hits="26" branch="false"/>
            <line number="5" hits="26" branch="false"/>
            <line number="13" hits="26" branch="false"/>
            <line number="19" hits="75" branch="false"/>
            <line number="21" hits="75" branch="false"/>
            <line number="25" hits="75" branch="true" condition-coverage="100% (1/1)"/>
            <line number="26" hits="75" branch="false"/>
            <line number="36" hits="9" branch="false"/>
            <line number="41" hits="75" branch="false"/>
          </lines>
        </class>
      </classes>
    </package>
  </packages>
</coverage>
